INFO 2023-11-09 20:50:46,742 django.utils.autoreload autoreload autoreload.py 668 run_with_reloader Watching for file changes with StatReloader
INFO 2023-11-09 20:51:50,726 django.utils.autoreload autoreload autoreload.py 266 trigger_reload C:\Users\aky\AppData\Local\Programs\Python\Python38\course_test\course-u\course_u\apps\website\admin.py changed, reloading.
INFO 2023-11-09 20:52:00,641 django.utils.autoreload autoreload autoreload.py 668 run_with_reloader Watching for file changes with StatReloader
INFO 2023-11-09 20:52:34,317 django.utils.autoreload autoreload autoreload.py 266 trigger_reload C:\Users\aky\AppData\Local\Programs\Python\Python38\course_test\course-u\course_u\apps\personality\admin.py changed, reloading.
INFO 2023-11-09 20:52:45,615 django.utils.autoreload autoreload autoreload.py 668 run_with_reloader Watching for file changes with StatReloader
INFO 2023-11-09 20:53:39,335 django.utils.autoreload autoreload autoreload.py 266 trigger_reload C:\Users\aky\AppData\Local\Programs\Python\Python38\course_test\course-u\course_u\apps\acad\admin.py changed, reloading.
INFO 2023-11-09 20:53:49,035 django.utils.autoreload autoreload autoreload.py 668 run_with_reloader Watching for file changes with StatReloader
INFO 2023-11-09 20:54:50,906 django.server basehttp basehttp.py 212 log_message "GET /home HTTP/1.1" 302 0
INFO 2023-11-09 20:54:51,873 django.server basehttp basehttp.py 212 log_message "GET /login_user/?next=/home HTTP/1.1" 200 10826
INFO 2023-11-09 20:54:52,638 django.server basehttp basehttp.py 212 log_message "GET /static/css/login_user.css HTTP/1.1" 200 1283
INFO 2023-11-09 20:54:52,753 django.server basehttp basehttp.py 212 log_message "GET /static/debug_toolbar/css/toolbar.css HTTP/1.1" 200 12621
INFO 2023-11-09 20:54:53,323 django.server basehttp basehttp.py 212 log_message "GET /static/debug_toolbar/js/toolbar.js HTTP/1.1" 200 13404
INFO 2023-11-09 20:54:53,339 django.server basehttp basehttp.py 212 log_message "GET /static/images/log.jpg HTTP/1.1" 200 43888
INFO 2023-11-09 20:54:53,865 django.server basehttp basehttp.py 212 log_message "GET /static/debug_toolbar/js/utils.js HTTP/1.1" 200 4527
INFO 2023-11-09 20:54:53,868 django.server basehttp basehttp.py 212 log_message "GET /static/debug_toolbar/css/print.css HTTP/1.1" 200 43
INFO 2023-11-09 20:54:54,466 django.server basehttp basehttp.py 212 log_message "GET /static/images/favicon.png HTTP/1.1" 200 1030
INFO 2023-11-09 20:55:41,751 django.server basehttp basehttp.py 212 log_message "POST /login_user/ HTTP/1.1" 302 0
INFO 2023-11-09 20:55:43,259 django.server basehttp basehttp.py 212 log_message "GET /home HTTP/1.1" 200 40696
INFO 2023-11-09 20:55:43,371 django.server basehttp basehttp.py 212 log_message "GET /static/images/logo.png HTTP/1.1" 200 17386
INFO 2023-11-09 20:55:43,542 django.server basehttp basehttp.py 212 log_message "GET /static/css/home.css HTTP/1.1" 200 1245
INFO 2023-11-09 20:55:43,542 django.server basehttp basehttp.py 212 log_message "GET /static/css/base_home.css HTTP/1.1" 200 5062
INFO 2023-11-09 20:55:43,826 django.server basehttp basehttp.py 212 log_message "GET /static/js/specialization_filter.js HTTP/1.1" 200 1412
INFO 2023-11-09 20:55:54,927 django.server basehttp basehttp.py 212 log_message "GET /home HTTP/1.1" 200 40400
INFO 2023-11-09 20:55:56,609 django.server basehttp basehttp.py 212 log_message "GET /test_home/ HTTP/1.1" 200 17742
INFO 2023-11-09 20:55:56,678 django.server basehttp basehttp.py 212 log_message "GET /static/css/test_home.css HTTP/1.1" 200 265
INFO 2023-11-09 20:55:58,456 django.server basehttp basehttp.py 212 log_message "GET /profile/ HTTP/1.1" 200 15275
INFO 2023-11-09 20:55:59,744 django.server basehttp basehttp.py 212 log_message "GET /admin_home/ HTTP/1.1" 200 23268
INFO 2023-11-09 20:55:59,843 django.server basehttp basehttp.py 212 log_message "GET /static/css/admin_home.css HTTP/1.1" 200 3482
INFO 2023-11-09 20:56:03,324 django.server basehttp basehttp.py 212 log_message "GET /job_list/ HTTP/1.1" 200 22960
INFO 2023-11-09 20:56:03,402 django.server basehttp basehttp.py 212 log_message "GET /static/css/job_post.css HTTP/1.1" 200 1963
INFO 2023-11-09 20:56:03,655 django.server basehttp basehttp.py 212 log_message "GET /static/js/job_list.js HTTP/1.1" 200 1060
WARNING 2023-11-09 20:56:04,317 django.server basehttp basehttp.py 212 log_message "GET /static/images/2.jpg HTTP/1.1" 404 1795
INFO 2023-11-09 20:56:06,562 django.server basehttp basehttp.py 212 log_message "GET /home HTTP/1.1" 200 40399
INFO 2023-11-09 20:56:09,110 django.server basehttp basehttp.py 212 log_message "GET /admin_home/ HTTP/1.1" 200 23267
INFO 2023-11-09 20:56:13,080 django.server basehttp basehttp.py 81 handle_error - Broken pipe from ('127.0.0.1', 9896)
INFO 2023-11-09 20:56:13,244 django.server basehttp basehttp.py 212 log_message "GET /home HTTP/1.1" 200 40399
INFO 2023-11-13 11:24:14,953 django.utils.autoreload autoreload autoreload.py 668 run_with_reloader Watching for file changes with StatReloader
INFO 2023-11-13 11:24:22,848 django.server basehttp basehttp.py 212 log_message "GET /home HTTP/1.1" 302 0
INFO 2023-11-13 11:24:22,960 django.server basehttp basehttp.py 212 log_message "GET /login_user/?next=/home HTTP/1.1" 200 10825
INFO 2023-11-13 11:24:23,017 django.server basehttp basehttp.py 212 log_message "GET /static/css/login_user.css HTTP/1.1" 200 1283
INFO 2023-11-13 11:24:23,019 django.server basehttp basehttp.py 212 log_message "GET /static/debug_toolbar/css/toolbar.css HTTP/1.1" 200 12621
INFO 2023-11-13 11:24:23,090 django.server basehttp basehttp.py 212 log_message "GET /static/debug_toolbar/js/toolbar.js HTTP/1.1" 200 13404
INFO 2023-11-13 11:24:23,125 django.server basehttp basehttp.py 212 log_message "GET /static/images/log.jpg HTTP/1.1" 200 43888
INFO 2023-11-13 11:24:23,247 django.server basehttp basehttp.py 212 log_message "GET /static/debug_toolbar/css/print.css HTTP/1.1" 200 43
INFO 2023-11-13 11:24:23,268 django.server basehttp basehttp.py 212 log_message "GET /static/debug_toolbar/js/utils.js HTTP/1.1" 200 4527
INFO 2023-11-13 11:24:23,421 django.server basehttp basehttp.py 212 log_message "GET /static/images/favicon.png HTTP/1.1" 200 1030
INFO 2023-11-13 11:24:37,694 django.server basehttp basehttp.py 212 log_message "POST /login_user/ HTTP/1.1" 302 0
INFO 2023-11-13 11:24:37,979 django.server basehttp basehttp.py 212 log_message "GET /home HTTP/1.1" 200 40695
INFO 2023-11-13 11:24:38,014 django.server basehttp basehttp.py 212 log_message "GET /static/images/logo.png HTTP/1.1" 200 17386
INFO 2023-11-13 11:24:38,020 django.server basehttp basehttp.py 212 log_message "GET /static/css/base_home.css HTTP/1.1" 200 5062
INFO 2023-11-13 11:24:38,031 django.server basehttp basehttp.py 212 log_message "GET /static/css/home.css HTTP/1.1" 200 1245
INFO 2023-11-13 11:24:38,059 django.server basehttp basehttp.py 212 log_message "GET /static/js/specialization_filter.js HTTP/1.1" 200 1412
INFO 2023-11-13 11:24:44,381 django.server basehttp basehttp.py 212 log_message "GET /admin HTTP/1.1" 301 0
INFO 2023-11-13 11:24:44,680 django.server basehttp basehttp.py 212 log_message "GET /admin/ HTTP/1.1" 200 25635
INFO 2023-11-13 11:24:44,756 django.server basehttp basehttp.py 212 log_message "GET /static/admin/css/nav_sidebar.css HTTP/1.1" 200 2694
INFO 2023-11-13 11:24:44,781 django.server basehttp basehttp.py 212 log_message "GET /static/admin/css/dark_mode.css HTTP/1.1" 200 2929
INFO 2023-11-13 11:24:44,815 django.server basehttp basehttp.py 212 log_message "GET /static/admin/css/base.css HTTP/1.1" 200 21207
INFO 2023-11-13 11:24:44,822 django.server basehttp basehttp.py 212 log_message "GET /static/admin/css/dashboard.css HTTP/1.1" 200 441
INFO 2023-11-13 11:24:44,829 django.server basehttp basehttp.py 212 log_message "GET /static/admin/css/responsive.css HTTP/1.1" 200 18533
INFO 2023-11-13 11:24:44,843 django.server basehttp basehttp.py 212 log_message "GET /static/admin/js/nav_sidebar.js HTTP/1.1" 200 3063
INFO 2023-11-13 11:24:44,865 django.server basehttp basehttp.py 212 log_message "GET /static/admin/js/theme.js HTTP/1.1" 200 1943
INFO 2023-11-13 11:24:44,949 django.server basehttp basehttp.py 212 log_message "GET /static/admin/img/icon-addlink.svg HTTP/1.1" 200 331
INFO 2023-11-13 11:24:44,958 django.server basehttp basehttp.py 212 log_message "GET /static/admin/img/icon-changelink.svg HTTP/1.1" 200 380
WARNING 2023-11-13 11:24:45,185 django.request log log.py 241 log_response Not Found: /favicon.ico
WARNING 2023-11-13 11:24:45,185 django.server basehttp basehttp.py 212 log_message "GET /favicon.ico HTTP/1.1" 404 23271
INFO 2023-11-13 11:40:14,432 django.server basehttp basehttp.py 212 log_message "GET / HTTP/1.1" 200 9438
INFO 2023-11-13 11:40:14,539 django.server basehttp basehttp.py 212 log_message "GET /static/css/landing.css HTTP/1.1" 200 1072
INFO 2023-11-13 11:40:14,579 django.server basehttp basehttp.py 212 log_message "GET /static/images/landing2.png HTTP/1.1" 200 1935293
INFO 2023-11-13 11:41:01,275 django.server basehttp basehttp.py 212 log_message "GET /login_user/ HTTP/1.1" 302 0
INFO 2023-11-13 11:41:01,421 django.server basehttp basehttp.py 212 log_message "GET /home HTTP/1.1" 200 40399
INFO 2023-11-13 11:41:04,167 django.server basehttp basehttp.py 212 log_message "GET /job_list/ HTTP/1.1" 200 22960
INFO 2023-11-13 11:41:04,236 django.server basehttp basehttp.py 212 log_message "GET /static/css/job_post.css HTTP/1.1" 200 1963
INFO 2023-11-13 11:41:04,284 django.server basehttp basehttp.py 212 log_message "GET /static/js/job_list.js HTTP/1.1" 200 1060
WARNING 2023-11-13 11:41:04,349 django.server basehttp basehttp.py 212 log_message "GET /static/images/2.jpg HTTP/1.1" 404 1795
INFO 2023-11-13 11:42:03,971 django.server basehttp basehttp.py 212 log_message "GET /job_list/ HTTP/1.1" 200 22960
WARNING 2023-11-13 11:42:04,071 django.server basehttp basehttp.py 212 log_message "GET /static/images/2.jpg HTTP/1.1" 404 1795
INFO 2023-11-13 11:48:11,979 django.server basehttp basehttp.py 212 log_message "GET /home HTTP/1.1" 200 40400
INFO 2023-11-13 11:48:19,135 django.server basehttp basehttp.py 212 log_message "GET /test_home/ HTTP/1.1" 200 17742
INFO 2023-11-13 11:48:19,262 django.server basehttp basehttp.py 212 log_message "GET /static/css/test_home.css HTTP/1.1" 200 265
INFO 2023-11-13 11:48:20,243 django.server basehttp basehttp.py 212 log_message "GET /profile/ HTTP/1.1" 200 15274
INFO 2023-11-13 11:48:20,914 django.server basehttp basehttp.py 212 log_message "GET /job_list/ HTTP/1.1" 200 22960
WARNING 2023-11-13 11:48:21,013 django.server basehttp basehttp.py 212 log_message "GET /static/images/2.jpg HTTP/1.1" 404 1795
INFO 2023-11-13 11:48:21,347 django.server basehttp basehttp.py 212 log_message "GET /job_list/ HTTP/1.1" 200 22960
INFO 2023-11-13 11:48:29,286 django.server basehttp basehttp.py 212 log_message "GET /home HTTP/1.1" 200 40399
INFO 2023-11-13 11:48:29,986 django.server basehttp basehttp.py 212 log_message "GET /home HTTP/1.1" 200 40399
INFO 2023-11-13 11:48:35,633 django.server basehttp basehttp.py 212 log_message "GET /home HTTP/1.1" 200 40398
INFO 2023-11-13 11:48:37,204 django.server basehttp basehttp.py 212 log_message "GET /home HTTP/1.1" 200 40399
INFO 2023-11-13 12:05:30,411 django.utils.autoreload autoreload autoreload.py 668 run_with_reloader Watching for file changes with StatReloader
INFO 2023-11-13 12:05:45,857 django.server basehttp basehttp.py 212 log_message "GET /home HTTP/1.1" 200 40401
INFO 2023-11-13 12:25:30,887 django.server basehttp basehttp.py 212 log_message "GET /job_list/ HTTP/1.1" 200 22961
WARNING 2023-11-13 12:25:31,044 django.server basehttp basehttp.py 212 log_message "GET /static/images/2.jpg HTTP/1.1" 404 1795
INFO 2023-11-13 12:29:10,841 django.server basehttp basehttp.py 212 log_message "GET /test_home/ HTTP/1.1" 200 17742
INFO 2023-11-13 12:29:10,883 django.server basehttp basehttp.py 212 log_message "GET /static/css/base_home.css HTTP/1.1" 200 5062
INFO 2023-11-13 12:29:10,900 django.server basehttp basehttp.py 212 log_message "GET /static/css/test_home.css HTTP/1.1" 200 265
INFO 2023-11-13 12:29:10,962 django.server basehttp basehttp.py 212 log_message "GET /static/images/logo.png HTTP/1.1" 200 17386
INFO 2023-11-13 12:29:10,966 django.server basehttp basehttp.py 212 log_message "GET /static/debug_toolbar/css/toolbar.css HTTP/1.1" 200 12621
INFO 2023-11-13 12:29:10,996 django.server basehttp basehttp.py 212 log_message "GET /static/debug_toolbar/js/toolbar.js HTTP/1.1" 200 13404
INFO 2023-11-13 12:29:11,098 django.server basehttp basehttp.py 212 log_message "GET /static/debug_toolbar/css/print.css HTTP/1.1" 200 43
INFO 2023-11-13 12:29:11,117 django.server basehttp basehttp.py 212 log_message "GET /static/debug_toolbar/js/utils.js HTTP/1.1" 200 4527
INFO 2023-11-13 12:29:44,566 django.server basehttp basehttp.py 212 log_message "GET /select_course/ HTTP/1.1" 200 15294
INFO 2023-11-13 12:29:44,635 django.server basehttp basehttp.py 212 log_message "GET /static/debug_toolbar/css/toolbar.css HTTP/1.1" 200 12621
INFO 2023-11-13 12:29:44,641 django.server basehttp basehttp.py 212 log_message "GET /static/images/logo.png HTTP/1.1" 200 17386
INFO 2023-11-13 12:29:44,642 django.server basehttp basehttp.py 212 log_message "GET /static/css/base_home.css HTTP/1.1" 200 5062
INFO 2023-11-13 12:29:44,642 django.server basehttp basehttp.py 212 log_message "GET /static/debug_toolbar/js/toolbar.js HTTP/1.1" 200 13404
INFO 2023-11-13 12:29:44,662 django.server basehttp basehttp.py 212 log_message "GET /static/css/course.css HTTP/1.1" 200 1101
INFO 2023-11-13 12:29:45,003 django.server basehttp basehttp.py 212 log_message "GET /static/debug_toolbar/js/utils.js HTTP/1.1" 200 4527
INFO 2023-11-13 12:29:45,010 django.server basehttp basehttp.py 212 log_message "GET /static/debug_toolbar/css/print.css HTTP/1.1" 200 43
INFO 2023-11-13 12:29:47,994 django.server basehttp basehttp.py 212 log_message "GET /select_year/1/ HTTP/1.1" 200 15481
INFO 2023-11-13 12:29:48,147 django.server basehttp basehttp.py 212 log_message "GET /static/css/base_home.css HTTP/1.1" 200 5062
INFO 2023-11-13 12:29:48,158 django.server basehttp basehttp.py 212 log_message "GET /static/images/logo.png HTTP/1.1" 200 17386
INFO 2023-11-13 12:29:48,173 django.server basehttp basehttp.py 212 log_message "GET /static/debug_toolbar/css/toolbar.css HTTP/1.1" 200 12621
INFO 2023-11-13 12:29:48,175 django.server basehttp basehttp.py 212 log_message "GET /static/debug_toolbar/js/toolbar.js HTTP/1.1" 200 13404
INFO 2023-11-13 12:29:48,325 django.server basehttp basehttp.py 212 log_message "GET /static/css/grade_level.css HTTP/1.1" 200 634
INFO 2023-11-13 12:29:48,509 django.server basehttp basehttp.py 212 log_message "GET /static/debug_toolbar/css/print.css HTTP/1.1" 200 43
INFO 2023-11-13 12:29:48,512 django.server basehttp basehttp.py 212 log_message "GET /static/debug_toolbar/js/utils.js HTTP/1.1" 200 4527
INFO 2023-11-13 12:29:49,331 django.server basehttp basehttp.py 212 log_message "GET /enroll_student/1/1/ HTTP/1.1" 302 0
INFO 2023-11-13 12:29:49,850 django.server basehttp basehttp.py 212 log_message "GET /subjects_grade_input/ HTTP/1.1" 200 16234
INFO 2023-11-13 12:29:49,917 django.server basehttp basehttp.py 212 log_message "GET /static/css/base_home.css HTTP/1.1" 200 5062
INFO 2023-11-13 12:29:49,919 django.server basehttp basehttp.py 212 log_message "GET /static/images/logo.png HTTP/1.1" 200 17386
INFO 2023-11-13 12:29:49,920 django.server basehttp basehttp.py 212 log_message "GET /static/debug_toolbar/css/toolbar.css HTTP/1.1" 200 12621
INFO 2023-11-13 12:29:49,920 django.server basehttp basehttp.py 212 log_message "GET /static/debug_toolbar/js/toolbar.js HTTP/1.1" 200 13404
INFO 2023-11-13 12:29:49,978 django.server basehttp basehttp.py 212 log_message "GET /static/css/subject.css HTTP/1.1" 200 1019
INFO 2023-11-13 12:29:50,159 django.server basehttp basehttp.py 212 log_message "GET /static/debug_toolbar/css/print.css HTTP/1.1" 200 43
INFO 2023-11-13 12:29:50,192 django.server basehttp basehttp.py 212 log_message "GET /static/debug_toolbar/js/utils.js HTTP/1.1" 200 4527
INFO 2023-11-13 12:29:53,094 django.server basehttp basehttp.py 212 log_message "GET /select_year/1/ HTTP/1.1" 200 15481
INFO 2023-11-13 12:29:53,159 django.server basehttp basehttp.py 212 log_message "GET /static/css/base_home.css HTTP/1.1" 200 5062
INFO 2023-11-13 12:29:53,161 django.server basehttp basehttp.py 212 log_message "GET /static/debug_toolbar/css/toolbar.css HTTP/1.1" 200 12621
INFO 2023-11-13 12:29:53,161 django.server basehttp basehttp.py 212 log_message "GET /static/css/grade_level.css HTTP/1.1" 200 634
INFO 2023-11-13 12:29:53,162 django.server basehttp basehttp.py 212 log_message "GET /static/images/logo.png HTTP/1.1" 200 17386
INFO 2023-11-13 12:29:53,162 django.server basehttp basehttp.py 212 log_message "GET /static/debug_toolbar/js/toolbar.js HTTP/1.1" 200 13404
INFO 2023-11-13 12:29:53,442 django.server basehttp basehttp.py 212 log_message "GET /static/debug_toolbar/css/print.css HTTP/1.1" 200 43
INFO 2023-11-13 12:29:53,443 django.server basehttp basehttp.py 212 log_message "GET /static/debug_toolbar/js/utils.js HTTP/1.1" 200 4527
INFO 2023-11-13 12:33:15,803 django.server basehttp basehttp.py 212 log_message "GET /admin_home/ HTTP/1.1" 200 23268
INFO 2023-11-13 12:33:15,888 django.server basehttp basehttp.py 212 log_message "GET /static/css/base_home.css HTTP/1.1" 200 5062
INFO 2023-11-13 12:33:15,890 django.server basehttp basehttp.py 212 log_message "GET /static/images/logo.png HTTP/1.1" 200 17386
INFO 2023-11-13 12:33:15,891 django.server basehttp basehttp.py 212 log_message "GET /static/debug_toolbar/css/toolbar.css HTTP/1.1" 200 12621
INFO 2023-11-13 12:33:15,893 django.server basehttp basehttp.py 212 log_message "GET /static/debug_toolbar/js/toolbar.js HTTP/1.1" 200 13404
INFO 2023-11-13 12:33:16,699 django.server basehttp basehttp.py 212 log_message "GET /static/css/admin_home.css HTTP/1.1" 200 3482
INFO 2023-11-13 12:33:17,009 django.server basehttp basehttp.py 212 log_message "GET /static/debug_toolbar/css/print.css HTTP/1.1" 200 43
INFO 2023-11-13 12:33:17,024 django.server basehttp basehttp.py 212 log_message "GET /static/debug_toolbar/js/utils.js HTTP/1.1" 200 4527
INFO 2023-11-13 12:33:17,873 django.server basehttp basehttp.py 212 log_message "GET /home HTTP/1.1" 200 40398
INFO 2023-11-13 12:33:18,059 django.server basehttp basehttp.py 212 log_message "GET /static/css/base_home.css HTTP/1.1" 200 5062
INFO 2023-11-13 12:33:18,067 django.server basehttp basehttp.py 212 log_message "GET /static/images/logo.png HTTP/1.1" 200 17386
INFO 2023-11-13 12:33:18,071 django.server basehttp basehttp.py 212 log_message "GET /static/js/specialization_filter.js HTTP/1.1" 200 1412
INFO 2023-11-13 12:33:18,072 django.server basehttp basehttp.py 212 log_message "GET /static/css/home.css HTTP/1.1" 200 1245
INFO 2023-11-13 12:33:18,076 django.server basehttp basehttp.py 212 log_message "GET /static/debug_toolbar/js/toolbar.js HTTP/1.1" 200 13404
INFO 2023-11-13 12:33:18,231 django.server basehttp basehttp.py 212 log_message "GET /static/debug_toolbar/css/toolbar.css HTTP/1.1" 200 12621
INFO 2023-11-13 12:33:18,523 django.server basehttp basehttp.py 212 log_message "GET /static/debug_toolbar/css/print.css HTTP/1.1" 200 43
INFO 2023-11-13 12:33:18,526 django.server basehttp basehttp.py 212 log_message "GET /static/debug_toolbar/js/utils.js HTTP/1.1" 200 4527
INFO 2023-11-13 12:36:04,029 django.server basehttp basehttp.py 212 log_message "GET /test_home/ HTTP/1.1" 200 17741
INFO 2023-11-13 15:48:51,577 django.utils.autoreload autoreload autoreload.py 668 run_with_reloader Watching for file changes with StatReloader
INFO 2023-11-13 15:48:57,043 django.server basehttp basehttp.py 212 log_message "GET /home HTTP/1.1" 200 40401
INFO 2023-11-13 15:48:59,038 django.server basehttp basehttp.py 212 log_message "GET /logout/ HTTP/1.1" 302 0
INFO 2023-11-13 15:48:59,138 django.server basehttp basehttp.py 212 log_message "GET /logout/success/ HTTP/1.1" 200 9608
INFO 2023-11-13 15:48:59,202 django.server basehttp basehttp.py 212 log_message "GET /static/css/logout_success.css HTTP/1.1" 200 900
INFO 2023-11-13 15:49:01,564 django.server basehttp basehttp.py 212 log_message "GET /login_user/ HTTP/1.1" 200 10814
INFO 2023-11-13 15:49:05,303 django.server basehttp basehttp.py 212 log_message "GET /sign_in/ HTTP/1.1" 200 12738
INFO 2023-11-13 15:49:05,322 django.server basehttp basehttp.py 212 log_message "GET /static/css/signin.css HTTP/1.1" 200 2622
INFO 2023-11-13 15:49:05,331 django.server basehttp basehttp.py 212 log_message "GET /static/images/signup.jpg HTTP/1.1" 200 383469
ERROR 2023-11-13 15:49:26,889 django.request log log.py 241 log_response Internal Server Error: /sign_in/
Traceback (most recent call last):
  File "C:\Users\aky\AppData\Local\Programs\Python\Python38\courseu\lib\site-packages\django\core\handlers\exception.py", line 55, in inner
    response = get_response(request)
  File "C:\Users\aky\AppData\Local\Programs\Python\Python38\courseu\lib\site-packages\django\core\handlers\base.py", line 197, in _get_response
    response = wrapped_callback(request, *callback_args, **callback_kwargs)
  File "C:\Users\aky\AppData\Local\Programs\Python\Python38\course_test\course-u\course_u\utilities\decorators.py", line 21, in wrapper_func
    return view_func(request,*args,**kwargs)
  File "C:\Users\aky\AppData\Local\Programs\Python\Python38\course_test\course-u\course_u\apps\website\views.py", line 183, in sign_in
    group = Group.objects.get(name='student')
  File "C:\Users\aky\AppData\Local\Programs\Python\Python38\courseu\lib\site-packages\django\db\models\manager.py", line 87, in manager_method
    return getattr(self.get_queryset(), name)(*args, **kwargs)
  File "C:\Users\aky\AppData\Local\Programs\Python\Python38\courseu\lib\site-packages\django\db\models\query.py", line 637, in get
    raise self.model.DoesNotExist(
django.contrib.auth.models.Group.DoesNotExist: Group matching query does not exist.
ERROR 2023-11-13 15:49:26,988 django.server basehttp basehttp.py 212 log_message "POST /sign_in/ HTTP/1.1" 500 107312
INFO 2023-11-13 15:50:09,736 django.utils.autoreload autoreload autoreload.py 266 trigger_reload C:\Users\aky\AppData\Local\Programs\Python\Python38\course_test\course-u\course_u\apps\website\views.py changed, reloading.
INFO 2023-11-13 15:50:12,958 django.utils.autoreload autoreload autoreload.py 668 run_with_reloader Watching for file changes with StatReloader
INFO 2023-11-13 15:50:35,163 django.utils.autoreload autoreload autoreload.py 266 trigger_reload C:\Users\aky\AppData\Local\Programs\Python\Python38\course_test\course-u\course_u\apps\website\views.py changed, reloading.
INFO 2023-11-13 15:50:37,925 django.utils.autoreload autoreload autoreload.py 668 run_with_reloader Watching for file changes with StatReloader
INFO 2023-11-13 15:50:49,153 django.server basehttp basehttp.py 212 log_message "POST /sign_in/ HTTP/1.1" 200 13510
INFO 2023-11-13 15:50:54,587 django.server basehttp basehttp.py 212 log_message "GET /sign_in/ HTTP/1.1" 200 12738
INFO 2023-11-13 15:51:02,584 django.server basehttp basehttp.py 212 log_message "POST /login_user/ HTTP/1.1" 302 0
INFO 2023-11-13 15:51:02,728 django.server basehttp basehttp.py 212 log_message "GET /home HTTP/1.1" 200 39952
INFO 2023-11-13 15:51:06,872 django.server basehttp basehttp.py 212 log_message "GET /test_home/ HTTP/1.1" 200 17503
INFO 2023-11-13 15:51:07,840 django.server basehttp basehttp.py 212 log_message "GET /profile/ HTTP/1.1" 200 15037
INFO 2023-11-13 15:51:08,479 django.server basehttp basehttp.py 212 log_message "GET /test_home/ HTTP/1.1" 200 17504
INFO 2023-11-13 15:51:09,708 django.server basehttp basehttp.py 212 log_message "GET /start_test/ HTTP/1.1" 302 0
INFO 2023-11-13 15:51:09,813 django.server basehttp basehttp.py 212 log_message "GET /select_course/ HTTP/1.1" 200 15054
INFO 2023-11-13 15:51:11,060 django.server basehttp basehttp.py 212 log_message "GET /select_year/1/ HTTP/1.1" 200 15242
INFO 2023-11-13 15:51:11,945 django.server basehttp basehttp.py 212 log_message "GET /enroll_student/1/1/ HTTP/1.1" 302 0
INFO 2023-11-13 15:51:12,077 django.server basehttp basehttp.py 212 log_message "GET /subjects_grade_input/ HTTP/1.1" 200 15995
INFO 2023-11-13 15:51:17,862 django.server basehttp basehttp.py 212 log_message "POST /subjects_grade_input/ HTTP/1.1" 302 0
ERROR 2023-11-13 15:51:18,682 django.request log log.py 241 log_response Internal Server Error: /success_page/
Traceback (most recent call last):
  File "C:\Users\aky\AppData\Local\Programs\Python\Python38\courseu\lib\site-packages\django\template\backends\django.py", line 61, in render
    return self.template.render(context)
  File "C:\Users\aky\AppData\Local\Programs\Python\Python38\courseu\lib\site-packages\django\template\base.py", line 175, in render
    return self._render(context)
  File "C:\Users\aky\AppData\Local\Programs\Python\Python38\courseu\lib\site-packages\django\test\utils.py", line 112, in instrumented_test_render
    return self.nodelist.render(context)
  File "C:\Users\aky\AppData\Local\Programs\Python\Python38\courseu\lib\site-packages\django\template\base.py", line 1005, in render
    return SafeString("".join([node.render_annotated(context) for node in self]))
  File "C:\Users\aky\AppData\Local\Programs\Python\Python38\courseu\lib\site-packages\django\template\base.py", line 1005, in <listcomp>
    return SafeString("".join([node.render_annotated(context) for node in self]))
  File "C:\Users\aky\AppData\Local\Programs\Python\Python38\courseu\lib\site-packages\django\template\base.py", line 966, in render_annotated
    return self.render(context)
  File "C:\Users\aky\AppData\Local\Programs\Python\Python38\courseu\lib\site-packages\django\template\loader_tags.py", line 157, in render
    return compiled_parent._render(context)
  File "C:\Users\aky\AppData\Local\Programs\Python\Python38\courseu\lib\site-packages\django\test\utils.py", line 112, in instrumented_test_render
    return self.nodelist.render(context)
  File "C:\Users\aky\AppData\Local\Programs\Python\Python38\courseu\lib\site-packages\django\template\base.py", line 1005, in render
    return SafeString("".join([node.render_annotated(context) for node in self]))
  File "C:\Users\aky\AppData\Local\Programs\Python\Python38\courseu\lib\site-packages\django\template\base.py", line 1005, in <listcomp>
    return SafeString("".join([node.render_annotated(context) for node in self]))
  File "C:\Users\aky\AppData\Local\Programs\Python\Python38\courseu\lib\site-packages\django\template\base.py", line 966, in render_annotated
    return self.render(context)
  File "C:\Users\aky\AppData\Local\Programs\Python\Python38\courseu\lib\site-packages\django\template\defaulttags.py", line 321, in render
    return nodelist.render(context)
  File "C:\Users\aky\AppData\Local\Programs\Python\Python38\courseu\lib\site-packages\django\template\base.py", line 1005, in render
    return SafeString("".join([node.render_annotated(context) for node in self]))
  File "C:\Users\aky\AppData\Local\Programs\Python\Python38\courseu\lib\site-packages\django\template\base.py", line 1005, in <listcomp>
    return SafeString("".join([node.render_annotated(context) for node in self]))
  File "C:\Users\aky\AppData\Local\Programs\Python\Python38\courseu\lib\site-packages\django\template\base.py", line 966, in render_annotated
    return self.render(context)
  File "C:\Users\aky\AppData\Local\Programs\Python\Python38\courseu\lib\site-packages\django\template\loader_tags.py", line 63, in render
    result = block.nodelist.render(context)
  File "C:\Users\aky\AppData\Local\Programs\Python\Python38\courseu\lib\site-packages\django\template\base.py", line 1005, in render
    return SafeString("".join([node.render_annotated(context) for node in self]))
  File "C:\Users\aky\AppData\Local\Programs\Python\Python38\courseu\lib\site-packages\django\template\base.py", line 1005, in <listcomp>
    return SafeString("".join([node.render_annotated(context) for node in self]))
  File "C:\Users\aky\AppData\Local\Programs\Python\Python38\courseu\lib\site-packages\django\template\base.py", line 966, in render_annotated
    return self.render(context)
  File "C:\Users\aky\AppData\Local\Programs\Python\Python38\courseu\lib\site-packages\django\template\loader_tags.py", line 197, in render
    template = context.template.engine.select_template(template_name)
  File "C:\Users\aky\AppData\Local\Programs\Python\Python38\courseu\lib\site-packages\django\template\engine.py", line 212, in select_template
    raise TemplateDoesNotExist(", ".join(not_found))
django.template.exceptions.TemplateDoesNotExist: test/school_year_model.html

The above exception was the direct cause of the following exception:

Traceback (most recent call last):
  File "C:\Users\aky\AppData\Local\Programs\Python\Python38\courseu\lib\site-packages\django\core\handlers\exception.py", line 55, in inner
    response = get_response(request)
  File "C:\Users\aky\AppData\Local\Programs\Python\Python38\courseu\lib\site-packages\django\core\handlers\base.py", line 197, in _get_response
    response = wrapped_callback(request, *callback_args, **callback_kwargs)
  File "C:\Users\aky\AppData\Local\Programs\Python\Python38\course_test\course-u\course_u\apps\acad\views.py", line 96, in success_page
    return render(request, 'acad/success_page.html', {
  File "C:\Users\aky\AppData\Local\Programs\Python\Python38\courseu\lib\site-packages\django\shortcuts.py", line 24, in render
    content = loader.render_to_string(template_name, context, request, using=using)
  File "C:\Users\aky\AppData\Local\Programs\Python\Python38\courseu\lib\site-packages\django\template\loader.py", line 62, in render_to_string
    return template.render(context, request)
  File "C:\Users\aky\AppData\Local\Programs\Python\Python38\courseu\lib\site-packages\django\template\backends\django.py", line 63, in render
    reraise(exc, self.backend)
  File "C:\Users\aky\AppData\Local\Programs\Python\Python38\courseu\lib\site-packages\django\template\backends\django.py", line 84, in reraise
    raise new from exc
django.template.exceptions.TemplateDoesNotExist: test/school_year_model.html
ERROR 2023-11-13 15:51:19,022 django.server basehttp basehttp.py 212 log_message "GET /success_page/ HTTP/1.1" 500 215840
INFO 2023-11-13 15:52:57,566 django.server basehttp basehttp.py 212 log_message "GET /subjects_grade_input/ HTTP/1.1" 200 15996
INFO 2023-11-13 15:52:59,554 django.server basehttp basehttp.py 212 log_message "POST /subjects_grade_input/ HTTP/1.1" 302 0
INFO 2023-11-13 15:52:59,840 django.server basehttp basehttp.py 212 log_message "GET /success_page/ HTTP/1.1" 200 15301
INFO 2023-11-13 15:53:06,509 django.utils.autoreload autoreload autoreload.py 266 trigger_reload C:\Users\aky\AppData\Local\Programs\Python\Python38\course_test\course-u\course_u\apps\assessment\views.py changed, reloading.
INFO 2023-11-13 15:53:10,617 django.utils.autoreload autoreload autoreload.py 668 run_with_reloader Watching for file changes with StatReloader
INFO 2023-11-13 15:53:26,170 django.server basehttp basehttp.py 212 log_message "GET /success_page/ HTTP/1.1" 200 15310
INFO 2023-11-13 15:53:40,824 django.utils.autoreload autoreload autoreload.py 266 trigger_reload C:\Users\aky\AppData\Local\Programs\Python\Python38\course_test\course-u\course_u\apps\acad\views.py changed, reloading.
INFO 2023-11-13 15:53:44,273 django.utils.autoreload autoreload autoreload.py 668 run_with_reloader Watching for file changes with StatReloader
INFO 2023-11-13 15:54:03,717 django.utils.autoreload autoreload autoreload.py 266 trigger_reload C:\Users\aky\AppData\Local\Programs\Python\Python38\course_test\course-u\course_u\apps\acad\views.py changed, reloading.
INFO 2023-11-13 15:54:11,738 django.utils.autoreload autoreload autoreload.py 668 run_with_reloader Watching for file changes with StatReloader
INFO 2023-11-13 15:54:39,303 django.server basehttp basehttp.py 212 log_message "GET /test_home/ HTTP/1.1" 200 17504
INFO 2023-11-13 15:55:04,750 django.server basehttp basehttp.py 212 log_message "GET /test_home/ HTTP/1.1" 200 17503
INFO 2023-11-13 15:55:05,961 django.server basehttp basehttp.py 212 log_message "GET /test_home/ HTTP/1.1" 200 17503
INFO 2023-11-13 15:55:21,022 django.utils.autoreload autoreload autoreload.py 266 trigger_reload C:\Users\aky\AppData\Local\Programs\Python\Python38\course_test\course-u\course_u\apps\acad\views.py changed, reloading.
INFO 2023-11-13 15:55:24,643 django.utils.autoreload autoreload autoreload.py 668 run_with_reloader Watching for file changes with StatReloader
INFO 2023-11-13 15:55:33,039 django.utils.autoreload autoreload autoreload.py 266 trigger_reload C:\Users\aky\AppData\Local\Programs\Python\Python38\course_test\course-u\course_u\apps\acad\views.py changed, reloading.
INFO 2023-11-13 15:55:44,469 django.utils.autoreload autoreload autoreload.py 668 run_with_reloader Watching for file changes with StatReloader
INFO 2023-11-13 19:14:23,228 django.utils.autoreload autoreload autoreload.py 668 run_with_reloader Watching for file changes with StatReloader
INFO 2023-11-13 19:16:32,840 django.server basehttp basehttp.py 212 log_message "GET /home HTTP/1.1" 302 0
INFO 2023-11-13 19:16:32,941 django.server basehttp basehttp.py 212 log_message "GET /login_user/?next=/home HTTP/1.1" 200 10825
INFO 2023-11-13 19:16:40,824 django.server basehttp basehttp.py 81 handle_error - Broken pipe from ('127.0.0.1', 6933)
INFO 2023-11-13 19:16:41,583 django.server basehttp basehttp.py 212 log_message "POST /login_user/ HTTP/1.1" 302 0
INFO 2023-11-13 19:16:41,884 django.server basehttp basehttp.py 212 log_message "GET /home HTTP/1.1" 200 58758
INFO 2023-11-13 19:16:47,258 django.server basehttp basehttp.py 212 log_message "GET /job_list/ HTTP/1.1" 200 22960
WARNING 2023-11-13 19:16:47,439 django.server basehttp basehttp.py 212 log_message "GET /static/images/2.jpg HTTP/1.1" 404 1795
INFO 2023-11-13 19:16:48,596 django.server basehttp basehttp.py 212 log_message "GET /test_home/ HTTP/1.1" 200 17742
INFO 2023-11-13 19:16:49,755 django.server basehttp basehttp.py 212 log_message "GET /profile/ HTTP/1.1" 200 15274
INFO 2023-11-13 19:16:50,673 django.server basehttp basehttp.py 212 log_message "GET /job_list/ HTTP/1.1" 200 22959
INFO 2023-11-13 19:16:52,421 django.server basehttp basehttp.py 212 log_message "GET /admin_home/ HTTP/1.1" 302 0
INFO 2023-11-13 19:16:52,521 django.server basehttp basehttp.py 212 log_message "GET /home HTTP/1.1" 200 58460
INFO 2023-11-13 19:16:53,637 django.server basehttp basehttp.py 212 log_message "GET /home HTTP/1.1" 200 58461
INFO 2023-11-13 19:16:54,507 django.server basehttp basehttp.py 212 log_message "GET /test_home/ HTTP/1.1" 200 17741
INFO 2023-11-13 19:16:57,725 django.server basehttp basehttp.py 212 log_message "GET /start_test/ HTTP/1.1" 302 0
INFO 2023-11-13 19:16:57,819 django.server basehttp basehttp.py 212 log_message "GET /create_new_question_set/1/ HTTP/1.1" 302 0
INFO 2023-11-13 19:16:57,917 django.server basehttp basehttp.py 212 log_message "GET /check_school_year/ HTTP/1.1" 200 16060
INFO 2023-11-13 19:16:57,952 django.server basehttp basehttp.py 212 log_message "GET /static/css/check_school_year.css HTTP/1.1" 200 1134
INFO 2023-11-13 19:17:02,457 django.server basehttp basehttp.py 212 log_message "GET /check_school_year_choice/no/ HTTP/1.1" 302 0
INFO 2023-11-13 19:17:02,583 django.server basehttp basehttp.py 212 log_message "GET /check_school_year_status/not_completed/ HTTP/1.1" 200 17302
INFO 2023-11-13 19:17:02,624 django.server basehttp basehttp.py 212 log_message "GET /static/css/create_or_overwrite_test.css HTTP/1.1" 200 1292
INFO 2023-11-13 19:17:08,498 django.server basehttp basehttp.py 212 log_message "GET /create_or_overwrite_test/delete/ HTTP/1.1" 302 0
INFO 2023-11-13 19:17:08,867 django.server basehttp basehttp.py 212 log_message "GET /continue_create_new_question_set/0 HTTP/1.1" 302 0
INFO 2023-11-13 19:17:08,991 django.server basehttp basehttp.py 212 log_message "GET /question/1/ HTTP/1.1" 200 16597
INFO 2023-11-13 19:17:34,987 django.server basehttp basehttp.py 212 log_message "GET /next_test/1/1/ HTTP/1.1" 302 0
INFO 2023-11-13 19:17:35,089 django.server basehttp basehttp.py 212 log_message "GET /question/2/ HTTP/1.1" 200 16240
INFO 2023-11-13 19:17:36,554 django.server basehttp basehttp.py 212 log_message "GET /next_test/2/1/ HTTP/1.1" 302 0
INFO 2023-11-13 19:17:36,609 django.server basehttp basehttp.py 212 log_message "GET /question/3/ HTTP/1.1" 200 29
INFO 2023-11-13 19:17:40,459 django.server basehttp basehttp.py 212 log_message "GET /next_test/2/1/ HTTP/1.1" 302 0
INFO 2023-11-13 19:17:40,511 django.server basehttp basehttp.py 212 log_message "GET /question/3/ HTTP/1.1" 200 29
INFO 2023-11-13 19:17:42,318 django.server basehttp basehttp.py 212 log_message "GET /test_overview/1 HTTP/1.1" 200 25058
INFO 2023-11-13 19:17:44,376 django.server basehttp basehttp.py 212 log_message "GET /question/21/ HTTP/1.1" 200 16285
INFO 2023-11-13 19:17:47,086 django.server basehttp basehttp.py 212 log_message "GET /question/11/ HTTP/1.1" 200 16276
INFO 2023-11-13 19:18:19,976 django.server basehttp basehttp.py 212 log_message "GET /test_overview/1 HTTP/1.1" 200 25058
INFO 2023-11-13 19:18:21,506 django.server basehttp basehttp.py 212 log_message "GET /question/1/ HTTP/1.1" 200 16265
INFO 2023-11-13 19:18:44,521 django.server basehttp basehttp.py 212 log_message "GET /admin HTTP/1.1" 301 0
INFO 2023-11-13 19:18:44,951 django.server basehttp basehttp.py 212 log_message "GET /admin/ HTTP/1.1" 200 25045
INFO 2023-11-13 19:18:49,215 django.server basehttp basehttp.py 212 log_message "GET /admin/assessment/test/ HTTP/1.1" 200 49146
INFO 2023-11-13 19:18:49,299 django.server basehttp basehttp.py 212 log_message "GET /static/admin/css/changelists.css HTTP/1.1" 200 6566
INFO 2023-11-13 19:18:49,381 django.server basehttp basehttp.py 212 log_message "GET /static/admin/js/core.js HTTP/1.1" 200 5682
INFO 2023-11-13 19:18:49,426 django.server basehttp basehttp.py 212 log_message "GET /admin/jsi18n/ HTTP/1.1" 200 3343
INFO 2023-11-13 19:18:49,449 django.server basehttp basehttp.py 212 log_message "GET /static/admin/js/jquery.init.js HTTP/1.1" 200 347
INFO 2023-11-13 19:18:49,516 django.server basehttp basehttp.py 212 log_message "GET /static/admin/js/actions.js HTTP/1.1" 200 7872
INFO 2023-11-13 19:18:49,529 django.server basehttp basehttp.py 212 log_message "GET /static/admin/js/admin/RelatedObjectLookups.js HTTP/1.1" 200 8943
INFO 2023-11-13 19:18:49,531 django.server basehttp basehttp.py 212 log_message "GET /static/admin/js/vendor/jquery/jquery.js HTTP/1.1" 200 292458
INFO 2023-11-13 19:18:49,627 django.server basehttp basehttp.py 212 log_message "GET /static/admin/js/prepopulate.js HTTP/1.1" 200 1531
INFO 2023-11-13 19:18:49,627 django.server basehttp basehttp.py 212 log_message "GET /static/admin/js/urlify.js HTTP/1.1" 200 7887
INFO 2023-11-13 19:18:49,777 django.server basehttp basehttp.py 212 log_message "GET /static/admin/js/filters.js HTTP/1.1" 200 978
INFO 2023-11-13 19:18:49,782 django.server basehttp basehttp.py 212 log_message "GET /static/admin/js/vendor/xregexp/xregexp.js HTTP/1.1" 200 232381
INFO 2023-11-13 19:18:49,874 django.server basehttp basehttp.py 212 log_message "GET /static/admin/img/tooltag-add.svg HTTP/1.1" 200 331
INFO 2023-11-13 19:18:52,995 django.server basehttp basehttp.py 212 log_message "GET /admin/assessment/test/90/change/ HTTP/1.1" 200 248633
INFO 2023-11-13 19:18:53,088 django.server basehttp basehttp.py 212 log_message "GET /static/admin/css/forms.css HTTP/1.1" 200 9047
INFO 2023-11-13 19:18:53,092 django.server basehttp basehttp.py 212 log_message "GET /static/admin/js/prepopulate_init.js HTTP/1.1" 200 586
INFO 2023-11-13 19:18:53,096 django.server basehttp basehttp.py 212 log_message "GET /static/admin/img/icon-viewlink.svg HTTP/1.1" 200 581
INFO 2023-11-13 19:18:53,140 django.server basehttp basehttp.py 212 log_message "GET /static/admin/css/widgets.css HTTP/1.1" 200 11900
INFO 2023-11-13 19:18:53,229 django.server basehttp basehttp.py 212 log_message "GET /admin/jsi18n/ HTTP/1.1" 200 3343
INFO 2023-11-13 19:18:53,230 django.server basehttp basehttp.py 212 log_message "GET /static/admin/js/change_form.js HTTP/1.1" 200 606
INFO 2023-11-13 20:33:20,745 django.utils.autoreload autoreload autoreload.py 668 run_with_reloader Watching for file changes with StatReloader
INFO 2023-11-13 20:33:36,380 django.server basehttp basehttp.py 212 log_message "GET /admin/assessment/test/90/change/ HTTP/1.1" 200 248613
INFO 2023-11-13 20:33:37,016 django.server basehttp basehttp.py 212 log_message "GET /admin/jsi18n/ HTTP/1.1" 200 3343
INFO 2023-11-13 20:33:48,366 django.server basehttp basehttp.py 212 log_message "GET /admin/ HTTP/1.1" 200 25045
INFO 2023-11-13 20:33:50,457 django.server basehttp basehttp.py 212 log_message "GET / HTTP/1.1" 200 9437
INFO 2023-11-13 20:33:52,507 django.server basehttp basehttp.py 212 log_message "GET /login_user/ HTTP/1.1" 302 0
INFO 2023-11-13 20:33:52,800 django.server basehttp basehttp.py 212 log_message "GET /home HTTP/1.1" 200 58462
INFO 2023-11-13 20:33:55,585 django.server basehttp basehttp.py 212 log_message "GET /test_home/ HTTP/1.1" 200 17741
INFO 2023-11-13 20:33:57,348 django.server basehttp basehttp.py 212 log_message "GET /start_test/ HTTP/1.1" 302 0
INFO 2023-11-13 20:33:57,459 django.server basehttp basehttp.py 212 log_message "GET /create_new_question_set/1/ HTTP/1.1" 302 0
INFO 2023-11-13 20:33:57,542 django.server basehttp basehttp.py 212 log_message "GET /check_school_year/ HTTP/1.1" 200 16060
INFO 2023-11-13 20:34:00,923 django.server basehttp basehttp.py 212 log_message "GET /check_school_year_choice/no/ HTTP/1.1" 302 0
INFO 2023-11-13 20:34:01,032 django.server basehttp basehttp.py 212 log_message "GET /check_school_year_status/not_completed/ HTTP/1.1" 200 17301
INFO 2023-11-13 20:34:02,161 django.server basehttp basehttp.py 212 log_message "GET /create_or_overwrite_test/delete/ HTTP/1.1" 302 0
INFO 2023-11-13 20:34:02,671 django.server basehttp basehttp.py 212 log_message "GET /continue_create_new_question_set/0 HTTP/1.1" 302 0
INFO 2023-11-13 20:34:02,806 django.server basehttp basehttp.py 212 log_message "GET /question/1/ HTTP/1.1" 200 16670
INFO 2023-11-13 20:34:05,825 django.server basehttp basehttp.py 212 log_message "POST /submit_question/1/ HTTP/1.1" 200 16327
INFO 2023-11-13 20:34:07,442 django.server basehttp basehttp.py 212 log_message "POST /submit_question/2/ HTTP/1.1" 200 16340
INFO 2023-11-13 20:34:21,724 django.server basehttp basehttp.py 212 log_message "POST /submit_question/6/ HTTP/1.1" 200 16349
INFO 2023-11-13 20:34:23,270 django.server basehttp basehttp.py 212 log_message "POST /submit_question/7/ HTTP/1.1" 200 16344
INFO 2023-11-13 20:34:24,575 django.server basehttp basehttp.py 212 log_message "POST /submit_question/11/ HTTP/1.1" 200 16349
INFO 2023-11-13 20:34:25,888 django.server basehttp basehttp.py 212 log_message "POST /submit_question/12/ HTTP/1.1" 200 16370
INFO 2023-11-13 20:34:27,457 django.server basehttp basehttp.py 212 log_message "POST /submit_question/16/ HTTP/1.1" 200 16373
INFO 2023-11-13 20:34:28,523 django.server basehttp basehttp.py 212 log_message "POST /submit_question/17/ HTTP/1.1" 200 16370
INFO 2023-11-13 20:34:30,638 django.server basehttp basehttp.py 212 log_message "POST /submit_question/21/ HTTP/1.1" 200 16421
INFO 2023-11-13 20:34:31,914 django.server basehttp basehttp.py 212 log_message "POST /submit_question/22/ HTTP/1.1" 200 16345
INFO 2023-11-13 20:34:33,801 django.server basehttp basehttp.py 212 log_message "POST /submit_question/26/ HTTP/1.1" 302 0
INFO 2023-11-13 20:34:34,224 django.server basehttp basehttp.py 212 log_message "GET /test_overview/1 HTTP/1.1" 200 25252
INFO 2023-11-13 20:34:35,946 django.server basehttp basehttp.py 212 log_message "GET /question/27/ HTTP/1.1" 200 16445
INFO 2023-11-13 20:34:37,687 django.server basehttp basehttp.py 212 log_message "POST /submit_question/27/ HTTP/1.1" 302 0
INFO 2023-11-13 20:34:37,865 django.server basehttp basehttp.py 212 log_message "GET /test_overview/1 HTTP/1.1" 200 25235
INFO 2023-11-13 20:34:39,994 django.server basehttp basehttp.py 212 log_message "GET /submit_test/ HTTP/1.1" 302 0
INFO 2023-11-13 20:34:44,494 django.server basehttp basehttp.py 212 log_message "GET /test_reults/1 HTTP/1.1" 200 7226454
INFO 2023-11-13 20:56:14,580 django.server basehttp basehttp.py 212 log_message "GET /home HTTP/1.1" 200 58967
INFO 2023-11-16 17:50:29,411 django.utils.autoreload autoreload autoreload.py 668 run_with_reloader Watching for file changes with StatReloader
INFO 2023-11-16 17:52:25,842 django.utils.autoreload autoreload autoreload.py 668 run_with_reloader Watching for file changes with StatReloader
INFO 2023-11-16 17:54:37,578 django.utils.autoreload autoreload autoreload.py 668 run_with_reloader Watching for file changes with StatReloader
INFO 2023-11-16 18:38:09,147 django.utils.autoreload autoreload autoreload.py 668 run_with_reloader Watching for file changes with StatReloader
INFO 2023-11-16 18:38:17,346 django.utils.autoreload autoreload autoreload.py 266 trigger_reload C:\Users\Cedrick Estolas\course-u\course_u\course_u\settings.py changed, reloading.
INFO 2023-11-16 18:38:18,911 django.utils.autoreload autoreload autoreload.py 668 run_with_reloader Watching for file changes with StatReloader
INFO 2023-11-16 18:38:45,087 django.server basehttp basehttp.py 212 log_message "GET / HTTP/1.1" 200 9439
INFO 2023-11-16 18:38:45,150 django.server basehttp basehttp.py 212 log_message "GET /static/debug_toolbar/js/toolbar.js HTTP/1.1" 304 0
INFO 2023-11-16 18:38:45,161 django.server basehttp basehttp.py 212 log_message "GET /static/css/landing.css HTTP/1.1" 200 1115
INFO 2023-11-16 18:38:45,161 django.server basehttp basehttp.py 212 log_message "GET /static/debug_toolbar/css/print.css HTTP/1.1" 200 43
INFO 2023-11-16 18:38:45,163 django.server basehttp basehttp.py 212 log_message "GET /static/debug_toolbar/css/toolbar.css HTTP/1.1" 200 12621
INFO 2023-11-16 18:38:45,170 django.server basehttp basehttp.py 212 log_message "GET /static/debug_toolbar/js/utils.js HTTP/1.1" 304 0
INFO 2023-11-16 18:38:45,193 django.server basehttp basehttp.py 212 log_message "GET /static/images/landing2.png HTTP/1.1" 200 1935293
WARNING 2023-11-16 18:38:45,367 django.request log log.py 241 log_response Not Found: /favicon.ico
WARNING 2023-11-16 18:38:45,369 django.server basehttp basehttp.py 212 log_message "GET /favicon.ico HTTP/1.1" 404 23515
INFO 2023-11-16 18:38:47,622 django.server basehttp basehttp.py 212 log_message "GET /login_user/ HTTP/1.1" 200 10814
INFO 2023-11-16 18:38:47,650 django.server basehttp basehttp.py 212 log_message "GET /static/css/login_user.css HTTP/1.1" 200 1283
INFO 2023-11-16 18:38:47,693 django.server basehttp basehttp.py 212 log_message "GET /static/images/log.jpg HTTP/1.1" 200 43888
INFO 2023-11-16 18:38:47,734 django.server basehttp basehttp.py 212 log_message "GET /static/images/favicon.png HTTP/1.1" 200 1030
INFO 2023-11-16 18:39:00,444 django.server basehttp basehttp.py 212 log_message "POST /login_user/ HTTP/1.1" 302 0
ERROR 2023-11-16 18:39:00,837 django.request log log.py 241 log_response Internal Server Error: /home
Traceback (most recent call last):
  File "C:\Users\Cedrick Estolas\AppData\Local\Programs\Python\Python310\lib\site-packages\django\db\backends\utils.py", line 89, in _execute
    return self.cursor.execute(sql, params)
  File "C:\Users\Cedrick Estolas\AppData\Local\Programs\Python\Python310\lib\site-packages\django\db\backends\mysql\base.py", line 75, in execute
    return self.cursor.execute(query, args)
  File "C:\Users\Cedrick Estolas\AppData\Local\Programs\Python\Python310\lib\site-packages\MySQLdb\cursors.py", line 179, in execute
    res = self._query(mogrified_query)
  File "C:\Users\Cedrick Estolas\AppData\Local\Programs\Python\Python310\lib\site-packages\MySQLdb\cursors.py", line 330, in _query
    db.query(q)
  File "C:\Users\Cedrick Estolas\AppData\Local\Programs\Python\Python310\lib\site-packages\MySQLdb\connections.py", line 255, in query
    _mysql.connection.query(self, query)
MySQLdb.ProgrammingError: (1146, "Table 'courseu_db.website_userrecommendations' doesn't exist")

The above exception was the direct cause of the following exception:

Traceback (most recent call last):
  File "C:\Users\Cedrick Estolas\AppData\Local\Programs\Python\Python310\lib\site-packages\django\core\handlers\exception.py", line 55, in inner
    response = get_response(request)
  File "C:\Users\Cedrick Estolas\AppData\Local\Programs\Python\Python310\lib\site-packages\django\core\handlers\base.py", line 197, in _get_response
    response = wrapped_callback(request, *callback_args, **callback_kwargs)
  File "C:\Users\Cedrick Estolas\AppData\Local\Programs\Python\Python310\lib\site-packages\django\contrib\auth\decorators.py", line 23, in _wrapper_view
    return view_func(request, *args, **kwargs)
  File "C:\Users\Cedrick Estolas\course-u\course_u\apps\website\views.py", line 46, in home
    user_recommendations = UserRecommendations.objects.filter(user=request.user).first()
  File "C:\Users\Cedrick Estolas\AppData\Local\Programs\Python\Python310\lib\site-packages\django\db\models\query.py", line 1057, in first
    for obj in queryset[:1]:
  File "C:\Users\Cedrick Estolas\AppData\Local\Programs\Python\Python310\lib\site-packages\django\db\models\query.py", line 398, in __iter__
    self._fetch_all()
  File "C:\Users\Cedrick Estolas\AppData\Local\Programs\Python\Python310\lib\site-packages\django\db\models\query.py", line 1881, in _fetch_all
    self._result_cache = list(self._iterable_class(self))
  File "C:\Users\Cedrick Estolas\AppData\Local\Programs\Python\Python310\lib\site-packages\django\db\models\query.py", line 91, in __iter__
    results = compiler.execute_sql(
  File "C:\Users\Cedrick Estolas\AppData\Local\Programs\Python\Python310\lib\site-packages\django\db\models\sql\compiler.py", line 1562, in execute_sql
    cursor.execute(sql, params)
  File "C:\Users\Cedrick Estolas\AppData\Local\Programs\Python\Python310\lib\site-packages\debug_toolbar\panels\sql\tracking.py", line 252, in execute
    return self._record(super().execute, sql, params)
  File "C:\Users\Cedrick Estolas\AppData\Local\Programs\Python\Python310\lib\site-packages\debug_toolbar\panels\sql\tracking.py", line 177, in _record
    return method(sql, params)
  File "C:\Users\Cedrick Estolas\AppData\Local\Programs\Python\Python310\lib\site-packages\django\db\backends\utils.py", line 102, in execute
    return super().execute(sql, params)
  File "C:\Users\Cedrick Estolas\AppData\Local\Programs\Python\Python310\lib\site-packages\django\db\backends\utils.py", line 67, in execute
    return self._execute_with_wrappers(
  File "C:\Users\Cedrick Estolas\AppData\Local\Programs\Python\Python310\lib\site-packages\django\db\backends\utils.py", line 80, in _execute_with_wrappers
    return executor(sql, params, many, context)
  File "C:\Users\Cedrick Estolas\AppData\Local\Programs\Python\Python310\lib\site-packages\django\db\backends\utils.py", line 84, in _execute
    with self.db.wrap_database_errors:
  File "C:\Users\Cedrick Estolas\AppData\Local\Programs\Python\Python310\lib\site-packages\django\db\utils.py", line 91, in __exit__
    raise dj_exc_value.with_traceback(traceback) from exc_value
  File "C:\Users\Cedrick Estolas\AppData\Local\Programs\Python\Python310\lib\site-packages\django\db\backends\utils.py", line 89, in _execute
    return self.cursor.execute(sql, params)
  File "C:\Users\Cedrick Estolas\AppData\Local\Programs\Python\Python310\lib\site-packages\django\db\backends\mysql\base.py", line 75, in execute
    return self.cursor.execute(query, args)
  File "C:\Users\Cedrick Estolas\AppData\Local\Programs\Python\Python310\lib\site-packages\MySQLdb\cursors.py", line 179, in execute
    res = self._query(mogrified_query)
  File "C:\Users\Cedrick Estolas\AppData\Local\Programs\Python\Python310\lib\site-packages\MySQLdb\cursors.py", line 330, in _query
    db.query(q)
  File "C:\Users\Cedrick Estolas\AppData\Local\Programs\Python\Python310\lib\site-packages\MySQLdb\connections.py", line 255, in query
    _mysql.connection.query(self, query)
django.db.utils.ProgrammingError: (1146, "Table 'courseu_db.website_userrecommendations' doesn't exist")
ERROR 2023-11-16 18:39:00,944 django.server basehttp basehttp.py 212 log_message "GET /home HTTP/1.1" 500 200699
INFO 2023-11-16 18:39:43,973 django.utils.autoreload autoreload autoreload.py 668 run_with_reloader Watching for file changes with StatReloader
INFO 2023-11-16 18:39:54,406 django.server basehttp basehttp.py 212 log_message "GET / HTTP/1.1" 200 9437
INFO 2023-11-16 18:39:56,356 django.server basehttp basehttp.py 212 log_message "GET /login_user/ HTTP/1.1" 302 0
ERROR 2023-11-16 18:39:56,572 django.request log log.py 241 log_response Internal Server Error: /home
Traceback (most recent call last):
  File "C:\Users\Cedrick Estolas\AppData\Local\Programs\Python\Python310\lib\site-packages\django\db\backends\utils.py", line 89, in _execute
    return self.cursor.execute(sql, params)
  File "C:\Users\Cedrick Estolas\AppData\Local\Programs\Python\Python310\lib\site-packages\django\db\backends\mysql\base.py", line 75, in execute
    return self.cursor.execute(query, args)
  File "C:\Users\Cedrick Estolas\AppData\Local\Programs\Python\Python310\lib\site-packages\MySQLdb\cursors.py", line 179, in execute
    res = self._query(mogrified_query)
  File "C:\Users\Cedrick Estolas\AppData\Local\Programs\Python\Python310\lib\site-packages\MySQLdb\cursors.py", line 330, in _query
    db.query(q)
  File "C:\Users\Cedrick Estolas\AppData\Local\Programs\Python\Python310\lib\site-packages\MySQLdb\connections.py", line 255, in query
    _mysql.connection.query(self, query)
MySQLdb.ProgrammingError: (1146, "Table 'courseu_db.website_userrecommendations' doesn't exist")

The above exception was the direct cause of the following exception:

Traceback (most recent call last):
  File "C:\Users\Cedrick Estolas\AppData\Local\Programs\Python\Python310\lib\site-packages\django\core\handlers\exception.py", line 55, in inner
    response = get_response(request)
  File "C:\Users\Cedrick Estolas\AppData\Local\Programs\Python\Python310\lib\site-packages\django\core\handlers\base.py", line 197, in _get_response
    response = wrapped_callback(request, *callback_args, **callback_kwargs)
  File "C:\Users\Cedrick Estolas\AppData\Local\Programs\Python\Python310\lib\site-packages\django\contrib\auth\decorators.py", line 23, in _wrapper_view
    return view_func(request, *args, **kwargs)
  File "C:\Users\Cedrick Estolas\course-u\course_u\apps\website\views.py", line 46, in home
    user_recommendations = UserRecommendations.objects.filter(user=request.user).first()
  File "C:\Users\Cedrick Estolas\AppData\Local\Programs\Python\Python310\lib\site-packages\django\db\models\query.py", line 1057, in first
    for obj in queryset[:1]:
  File "C:\Users\Cedrick Estolas\AppData\Local\Programs\Python\Python310\lib\site-packages\django\db\models\query.py", line 398, in __iter__
    self._fetch_all()
  File "C:\Users\Cedrick Estolas\AppData\Local\Programs\Python\Python310\lib\site-packages\django\db\models\query.py", line 1881, in _fetch_all
    self._result_cache = list(self._iterable_class(self))
  File "C:\Users\Cedrick Estolas\AppData\Local\Programs\Python\Python310\lib\site-packages\django\db\models\query.py", line 91, in __iter__
    results = compiler.execute_sql(
  File "C:\Users\Cedrick Estolas\AppData\Local\Programs\Python\Python310\lib\site-packages\django\db\models\sql\compiler.py", line 1562, in execute_sql
    cursor.execute(sql, params)
  File "C:\Users\Cedrick Estolas\AppData\Local\Programs\Python\Python310\lib\site-packages\debug_toolbar\panels\sql\tracking.py", line 252, in execute
    return self._record(super().execute, sql, params)
  File "C:\Users\Cedrick Estolas\AppData\Local\Programs\Python\Python310\lib\site-packages\debug_toolbar\panels\sql\tracking.py", line 177, in _record
    return method(sql, params)
  File "C:\Users\Cedrick Estolas\AppData\Local\Programs\Python\Python310\lib\site-packages\django\db\backends\utils.py", line 102, in execute
    return super().execute(sql, params)
  File "C:\Users\Cedrick Estolas\AppData\Local\Programs\Python\Python310\lib\site-packages\django\db\backends\utils.py", line 67, in execute
    return self._execute_with_wrappers(
  File "C:\Users\Cedrick Estolas\AppData\Local\Programs\Python\Python310\lib\site-packages\django\db\backends\utils.py", line 80, in _execute_with_wrappers
    return executor(sql, params, many, context)
  File "C:\Users\Cedrick Estolas\AppData\Local\Programs\Python\Python310\lib\site-packages\django\db\backends\utils.py", line 84, in _execute
    with self.db.wrap_database_errors:
  File "C:\Users\Cedrick Estolas\AppData\Local\Programs\Python\Python310\lib\site-packages\django\db\utils.py", line 91, in __exit__
    raise dj_exc_value.with_traceback(traceback) from exc_value
  File "C:\Users\Cedrick Estolas\AppData\Local\Programs\Python\Python310\lib\site-packages\django\db\backends\utils.py", line 89, in _execute
    return self.cursor.execute(sql, params)
  File "C:\Users\Cedrick Estolas\AppData\Local\Programs\Python\Python310\lib\site-packages\django\db\backends\mysql\base.py", line 75, in execute
    return self.cursor.execute(query, args)
  File "C:\Users\Cedrick Estolas\AppData\Local\Programs\Python\Python310\lib\site-packages\MySQLdb\cursors.py", line 179, in execute
    res = self._query(mogrified_query)
  File "C:\Users\Cedrick Estolas\AppData\Local\Programs\Python\Python310\lib\site-packages\MySQLdb\cursors.py", line 330, in _query
    db.query(q)
  File "C:\Users\Cedrick Estolas\AppData\Local\Programs\Python\Python310\lib\site-packages\MySQLdb\connections.py", line 255, in query
    _mysql.connection.query(self, query)
django.db.utils.ProgrammingError: (1146, "Table 'courseu_db.website_userrecommendations' doesn't exist")
ERROR 2023-11-16 18:39:56,663 django.server basehttp basehttp.py 212 log_message "GET /home HTTP/1.1" 500 200549
INFO 2023-11-16 19:14:34,430 django.utils.autoreload autoreload autoreload.py 668 run_with_reloader Watching for file changes with StatReloader
INFO 2023-11-16 19:15:17,784 django.utils.autoreload autoreload autoreload.py 668 run_with_reloader Watching for file changes with StatReloader
INFO 2023-11-16 19:15:28,448 django.server basehttp basehttp.py 212 log_message "GET / HTTP/1.1" 200 9439
INFO 2023-11-16 19:15:29,111 django.server basehttp basehttp.py 212 log_message "GET /static/debug_toolbar/js/toolbar.js HTTP/1.1" 304 0
INFO 2023-11-16 19:15:29,283 django.server basehttp basehttp.py 212 log_message "GET /static/debug_toolbar/css/print.css HTTP/1.1" 304 0
INFO 2023-11-16 19:15:29,303 django.server basehttp basehttp.py 212 log_message "GET /static/css/landing.css HTTP/1.1" 200 1115
INFO 2023-11-16 19:15:29,628 django.server basehttp basehttp.py 212 log_message "GET /static/debug_toolbar/css/toolbar.css HTTP/1.1" 304 0
INFO 2023-11-16 19:15:29,952 django.server basehttp basehttp.py 212 log_message "GET /static/debug_toolbar/js/utils.js HTTP/1.1" 304 0
INFO 2023-11-16 19:15:29,954 django.server basehttp basehttp.py 212 log_message "GET /static/images/landing2.png HTTP/1.1" 200 1935293
WARNING 2023-11-16 19:15:30,621 django.request log log.py 241 log_response Not Found: /favicon.ico
WARNING 2023-11-16 19:15:30,624 django.server basehttp basehttp.py 212 log_message "GET /favicon.ico HTTP/1.1" 404 23514
INFO 2023-11-16 19:15:33,849 django.server basehttp basehttp.py 212 log_message "GET /login_user/ HTTP/1.1" 200 10814
INFO 2023-11-16 19:15:34,417 django.server basehttp basehttp.py 212 log_message "GET /static/css/login_user.css HTTP/1.1" 200 1283
INFO 2023-11-16 19:15:34,991 django.server basehttp basehttp.py 212 log_message "GET /static/images/log.jpg HTTP/1.1" 200 43888
INFO 2023-11-16 19:15:35,087 django.server basehttp basehttp.py 212 log_message "GET /static/images/favicon.png HTTP/1.1" 200 1030
INFO 2023-11-16 19:15:51,940 django.server basehttp basehttp.py 212 log_message "POST /login_user/ HTTP/1.1" 302 0
INFO 2023-11-16 19:15:52,310 django.server basehttp basehttp.py 212 log_message "GET /home HTTP/1.1" 200 58757
INFO 2023-11-16 19:15:52,424 django.server basehttp basehttp.py 212 log_message "GET /static/css/base_home.css HTTP/1.1" 200 5062
INFO 2023-11-16 19:15:52,438 django.server basehttp basehttp.py 212 log_message "GET /static/css/home.css HTTP/1.1" 200 1330
INFO 2023-11-16 19:15:52,489 django.server basehttp basehttp.py 212 log_message "GET /static/images/logo.png HTTP/1.1" 200 17386
INFO 2023-11-16 19:15:52,524 django.server basehttp basehttp.py 212 log_message "GET /static/js/specialization_filter.js HTTP/1.1" 200 1412
INFO 2023-11-16 19:16:01,294 django.server basehttp basehttp.py 212 log_message "GET /admin_home/ HTTP/1.1" 200 26046
INFO 2023-11-16 19:16:01,377 django.server basehttp basehttp.py 212 log_message "GET /static/css/admin_home.css HTTP/1.1" 200 3482
INFO 2023-11-16 19:16:09,086 django.server basehttp basehttp.py 212 log_message "GET /test_home/ HTTP/1.1" 200 18190
INFO 2023-11-16 19:16:09,190 django.server basehttp basehttp.py 212 log_message "GET /static/css/test_home.css HTTP/1.1" 200 265
INFO 2023-11-16 19:16:10,988 django.server basehttp basehttp.py 212 log_message "GET /profile/ HTTP/1.1" 200 15285
INFO 2023-11-16 19:16:14,723 django.server basehttp basehttp.py 212 log_message "GET /job_list/ HTTP/1.1" 200 22960
INFO 2023-11-16 19:16:14,809 django.server basehttp basehttp.py 212 log_message "GET /static/css/job_post.css HTTP/1.1" 200 1963
INFO 2023-11-16 19:16:14,878 django.server basehttp basehttp.py 212 log_message "GET /static/js/job_list.js HTTP/1.1" 200 1060
WARNING 2023-11-16 19:16:14,927 django.server basehttp basehttp.py 212 log_message "GET /static/images/2.jpg HTTP/1.1" 404 1795
INFO 2023-11-16 19:16:25,912 django.server basehttp basehttp.py 212 log_message "GET /profile/ HTTP/1.1" 200 15285
INFO 2023-11-16 19:16:53,060 django.server basehttp basehttp.py 212 log_message "GET /test_home/ HTTP/1.1" 200 18190
INFO 2023-11-16 19:17:13,076 django.server basehttp basehttp.py 212 log_message "GET /test_results_overall/ HTTP/1.1" 200 7225855
INFO 2023-11-16 19:17:47,852 django.server basehttp basehttp.py 212 log_message "GET /test_results_overall/ HTTP/1.1" 200 7225855
INFO 2023-11-16 19:18:00,683 django.server basehttp basehttp.py 212 log_message "GET /test_home/ HTTP/1.1" 200 18189
INFO 2023-11-16 19:18:02,447 django.server basehttp basehttp.py 212 log_message "GET /home HTTP/1.1" 200 58461
INFO 2023-11-16 19:18:06,460 django.server basehttp basehttp.py 212 log_message "GET /admin_home/ HTTP/1.1" 200 26045
INFO 2023-11-16 19:18:14,212 django.server basehttp basehttp.py 212 log_message "GET /test_home/ HTTP/1.1" 200 18189
INFO 2023-11-16 19:18:17,805 django.server basehttp basehttp.py 212 log_message "GET /start_test/ HTTP/1.1" 302 0
INFO 2023-11-16 19:18:17,886 django.server basehttp basehttp.py 212 log_message "GET /create_new_question_set/1/ HTTP/1.1" 302 0
INFO 2023-11-16 19:18:17,966 django.server basehttp basehttp.py 212 log_message "GET /check_school_year/ HTTP/1.1" 200 16060
INFO 2023-11-16 19:18:18,047 django.server basehttp basehttp.py 212 log_message "GET /static/css/check_school_year.css HTTP/1.1" 200 1134
INFO 2023-11-16 19:18:25,183 django.server basehttp basehttp.py 212 log_message "GET /check_school_year_choice/yes/ HTTP/1.1" 302 0
INFO 2023-11-16 19:18:25,262 django.server basehttp basehttp.py 212 log_message "GET /check_school_year_status/completed/ HTTP/1.1" 302 0
INFO 2023-11-16 19:18:25,369 django.server basehttp basehttp.py 212 log_message "GET /select_year/1/ HTTP/1.1" 200 15797
INFO 2023-11-16 19:18:25,428 django.server basehttp basehttp.py 212 log_message "GET /static/css/grade_level.css HTTP/1.1" 200 662
INFO 2023-11-16 19:18:30,127 django.server basehttp basehttp.py 212 log_message "GET /enroll_student/1/1/ HTTP/1.1" 302 0
INFO 2023-11-16 19:18:30,308 django.server basehttp basehttp.py 212 log_message "GET /subjects_grade_input/ HTTP/1.1" 200 16233
INFO 2023-11-16 19:18:30,417 django.server basehttp basehttp.py 212 log_message "GET /static/css/subject.css HTTP/1.1" 200 1081
INFO 2023-11-16 19:18:35,503 django.server basehttp basehttp.py 212 log_message "GET /admin_home/ HTTP/1.1" 200 26046
INFO 2023-11-16 19:18:47,057 django.server basehttp basehttp.py 212 log_message "GET /home HTTP/1.1" 200 58460
INFO 2023-11-16 19:18:49,023 django.server basehttp basehttp.py 212 log_message "GET /test_home/ HTTP/1.1" 200 18189
INFO 2023-11-16 19:18:52,733 django.server basehttp basehttp.py 212 log_message "GET /home HTTP/1.1" 200 58460
INFO 2023-11-16 19:19:06,606 django.server basehttp basehttp.py 212 log_message "GET /test_home/ HTTP/1.1" 200 18189
INFO 2023-11-16 19:19:15,344 django.server basehttp basehttp.py 212 log_message "GET /mbti/initialize/ HTTP/1.1" 302 0
INFO 2023-11-16 19:19:15,700 django.server basehttp basehttp.py 212 log_message "GET /mbti/1/ HTTP/1.1" 200 41291
INFO 2023-11-16 19:19:15,807 django.server basehttp basehttp.py 212 log_message "GET /static/css/mbti_question.css HTTP/1.1" 200 1046
INFO 2023-11-16 19:19:29,273 django.server basehttp basehttp.py 212 log_message "GET /test_home/ HTTP/1.1" 200 18189
INFO 2023-11-16 19:19:32,873 django.server basehttp basehttp.py 212 log_message "GET /mbti/initialize/ HTTP/1.1" 302 0
INFO 2023-11-16 19:19:33,258 django.server basehttp basehttp.py 212 log_message "GET /mbti/1/ HTTP/1.1" 200 41291
